<?xml version="1.0" encoding="UTF-8"?>
<!-- Generated by org.testng.reporters.JUnitReportReporter -->
<testsuite hostname="LAPTOP-2U3258KH" failures="0" tests="5" name="com.assertions.Softassert" time="18.322" errors="0" timestamp="2024-10-09T16:18:39 IST" skipped="0">
  <testcase classname="com.assertions.Softassert" name="openApplication" time="14.800"/>
  <testcase classname="com.assertions.Softassert" name="LoginFunctionality" time="1.248"/>
  <testcase classname="com.assertions.Softassert" name="SearchHotelFunctionality" time="1.382"/>
  <testcase classname="com.assertions.Softassert" name="VerificationOfSelectHotel" time="0.715"/>
  <testcase classname="com.assertions.Softassert" name="closeApplication" time="0.177"/>
</testsuite> <!-- com.assertions.Softassert -->
