<?xml version="1.0" encoding="UTF-8"?>
<!-- Generated by org.testng.reporters.JUnitReportReporter -->
<testsuite hostname="LAPTOP-2U3258KH" failures="0" tests="5" name="com.invocationcount.InvocationCount" time="6.339" errors="0" timestamp="2024-10-08T15:42:02 IST" skipped="0">
  <testcase classname="com.invocationcount.InvocationCount" name="loginFunctionality" time="1.417"/>
  <testcase classname="com.invocationcount.InvocationCount" name="loginFunctionality" time="1.256"/>
  <testcase classname="com.invocationcount.InvocationCount" name="loginFunctionality" time="1.213"/>
  <testcase classname="com.invocationcount.InvocationCount" name="loginFunctionality" time="1.158"/>
  <testcase classname="com.invocationcount.InvocationCount" name="loginFunctionality" time="1.295"/>
</testsuite> <!-- com.invocationcount.InvocationCount -->
