<?xml version="1.0" encoding="UTF-8"?>
<!-- Generated by org.testng.reporters.JUnitReportReporter -->
<testsuite hostname="LAPTOP-2U3258KH" failures="0" tests="4" name="com.dataprovider.DataproviderTestcase" time="7.040" errors="0" timestamp="2024-10-14T11:44:59 IST" skipped="0">
  <testcase classname="com.dataprovider.DataproviderTestcase" name="loginFunctionality" time="0.804"/>
  <testcase classname="com.dataprovider.DataproviderTestcase" name="loginFunctionality" time="4.961"/>
  <testcase classname="com.dataprovider.DataproviderTestcase" name="loginFunctionality" time="0.557"/>
  <testcase classname="com.dataprovider.DataproviderTestcase" name="loginFunctionality" time="0.718"/>
</testsuite> <!-- com.dataprovider.DataproviderTestcase -->
