<?xml version="1.0" encoding="UTF-8"?>
<!-- Generated by org.testng.reporters.JUnitReportReporter -->
<testsuite hostname="LAPTOP-2U3258KH" failures="0" tests="1" name="com.testng.Annotaions" time="0.005" errors="0" timestamp="2024-10-07T14:49:01 IST" skipped="0">
  <testcase classname="com.testng.Annotaions" name="method5" time="0.005"/>
</testsuite> <!-- com.testng.Annotaions -->
