<?xml version="1.0" encoding="UTF-8"?>
<!-- Generated by org.testng.reporters.JUnitReportReporter -->
<testsuite hostname="LAPTOP-2U3258KH" failures="0" tests="5" name="com.assertions.HardAssert" time="19.087" errors="0" timestamp="2024-10-09T16:21:36 IST" skipped="0">
  <testcase classname="com.assertions.HardAssert" name="openApplication" time="12.081"/>
  <testcase classname="com.assertions.HardAssert" name="loginFunctionality" time="1.222"/>
  <testcase classname="com.assertions.HardAssert" name="verificationSearchHotelFunctionality" time="4.467"/>
  <testcase classname="com.assertions.HardAssert" name="selectHotel" time="1.142"/>
  <testcase classname="com.assertions.HardAssert" name="close" time="0.175"/>
</testsuite> <!-- com.assertions.HardAssert -->
