<?xml version="1.0" encoding="UTF-8"?>
<!-- Generated by org.testng.reporters.JUnitReportReporter -->
<testsuite hostname="LAPTOP-2U3258KH" failures="0" tests="3" name="com.testng.Prioritization" time="21.269" errors="0" timestamp="2024-10-07T15:23:16 IST" skipped="0">
  <testcase classname="com.testng.Prioritization" name="registartionFunctionality" time="9.629"/>
  <testcase classname="com.testng.Prioritization" name="forgetPassword" time="6.101"/>
  <testcase classname="com.testng.Prioritization" name="loginFunctionality" time="5.539"/>
</testsuite> <!-- com.testng.Prioritization -->
