<?xml version="1.0" encoding="UTF-8"?>
<!-- Generated by org.testng.reporters.JUnitReportReporter -->
<testsuite hostname="LAPTOP-2U3258KH" failures="0" tests="3" name="com.testng.extentreport.Luma_Login" time="17.691" errors="0" timestamp="2024-10-14T14:57:37 IST" skipped="0">
  <testcase classname="com.testng.extentreport.Luma_Login" name="loginFunctionality" time="9.246"/>
  <testcase classname="com.testng.extentreport.Luma_Login" name="logutFunctionality" time="2.671"/>
  <testcase classname="com.testng.extentreport.Luma_Login" name="reloginFunctinality" time="5.774"/>
</testsuite> <!-- com.testng.extentreport.Luma_Login -->
