<?xml version="1.0" encoding="UTF-8"?>
<!-- Generated by org.testng.reporters.JUnitReportReporter -->
<testsuite hostname="LAPTOP-2U3258KH" failures="0" tests="3" name="com.parallel.Parallel_Testing_Adactin" time="5.262" errors="0" timestamp="2024-10-10T15:44:15 IST" skipped="0">
  <testcase classname="com.parallel.Parallel_Testing_Adactin" name="loginFunctionality" time="1.137"/>
  <testcase classname="com.parallel.Parallel_Testing_Adactin" name="searchHotelFunctionality" time="3.679"/>
  <testcase classname="com.parallel.Parallel_Testing_Adactin" name="selectHotel" time="0.446"/>
</testsuite> <!-- com.parallel.Parallel_Testing_Adactin -->
